Wed Aug 08 2018 12:24:30 GMT-0700 (Pacific Daylight Time): GET /
Wed Aug 08 2018 12:29:33 GMT-0700 (Pacific Daylight Time): GET /
Wed Aug 08 2018 12:30:44 GMT-0700 (Pacific Daylight Time): GET /
Wed Aug 08 2018 12:30:54 GMT-0700 (Pacific Daylight Time): GET /
Wed Aug 08 2018 12:31:01 GMT-0700 (Pacific Daylight Time): GET /help.html
Wed Aug 08 2018 12:31:28 GMT-0700 (Pacific Daylight Time): GET /
Wed Aug 08 2018 12:31:30 GMT-0700 (Pacific Daylight Time): GET /
Wed Aug 08 2018 16:06:39 GMT-0700 (Pacific Daylight Time): GET /
Wed Aug 08 2018 16:06:39 GMT-0700 (Pacific Daylight Time): GET /favicon.ico
Wed Aug 08 2018 16:25:35 GMT-0700 (Pacific Daylight Time): GET /
Wed Aug 08 2018 16:25:40 GMT-0700 (Pacific Daylight Time): GET /
Wed Aug 08 2018 16:25:41 GMT-0700 (Pacific Daylight Time): GET /
Wed Aug 08 2018 16:25:58 GMT-0700 (Pacific Daylight Time): GET /
Wed Aug 08 2018 16:25:59 GMT-0700 (Pacific Daylight Time): GET /
Wed Aug 08 2018 16:26:01 GMT-0700 (Pacific Daylight Time): GET /
Wed Aug 08 2018 16:26:01 GMT-0700 (Pacific Daylight Time): GET /
Wed Aug 08 2018 16:26:09 GMT-0700 (Pacific Daylight Time): GET /
Wed Aug 08 2018 16:26:10 GMT-0700 (Pacific Daylight Time): GET /
Wed Aug 08 2018 16:26:23 GMT-0700 (Pacific Daylight Time): GET /about
Wed Aug 08 2018 16:26:29 GMT-0700 (Pacific Daylight Time): GET /projects
Wed Aug 08 2018 16:28:03 GMT-0700 (Pacific Daylight Time): GET /
Wed Aug 08 2018 16:28:05 GMT-0700 (Pacific Daylight Time): GET /
Wed Aug 08 2018 16:28:10 GMT-0700 (Pacific Daylight Time): GET /
Wed Aug 08 2018 16:29:56 GMT-0700 (Pacific Daylight Time): GET /
Wed Aug 08 2018 16:29:57 GMT-0700 (Pacific Daylight Time): GET /
Wed Aug 08 2018 16:29:58 GMT-0700 (Pacific Daylight Time): GET /
Wed Aug 08 2018 16:30:14 GMT-0700 (Pacific Daylight Time): GET /
Wed Aug 08 2018 16:30:15 GMT-0700 (Pacific Daylight Time): GET /
Wed Aug 08 2018 16:30:15 GMT-0700 (Pacific Daylight Time): GET /
Wed Aug 08 2018 16:30:58 GMT-0700 (Pacific Daylight Time): GET /
Wed Aug 08 2018 16:30:58 GMT-0700 (Pacific Daylight Time): GET /favicon.ico
